# JRE version: OpenJDK Runtime Environment (21.0.10) (build 21.0.10+-14961533-b1163.108)
# Java VM: OpenJDK 64-Bit Server VM (21.0.10+-14961533-b1163.108, mixed mode, tiered, compressed oops, compressed class ptrs, g1 gc, windows-amd64)
GC Precious Log:
 CardTable entry size: 512
 Card Set container configuration: InlinePtr #cards 4 size 8 Array Of Cards #cards 32 size 80 Howl #buckets 8 coarsen threshold 7372 Howl Bitmap #cards 1024 size 144 coarsen threshold 921 Card regions per heap region 1 cards per card region 8192
 CPUs: 8 total, 8 available
 Memory: 7455M
 Large Page Support: Disabled
 NUMA Support: Disabled
 Compressed Oops: Enabled (Zero based)
 Heap Region Size: 4M
 Heap Min Capacity: 8M
 Heap Initial Capacity: 120M
 Heap Max Capacity: 8G
 Pre-touch: Disabled
 Parallel Workers: 8
 Concurrent Workers: 2
 Concurrent Refinement Workers: 8
 Periodic GC: Disabled
Heap:
 garbage-first heap   total 1036288K, used 166655K [0x0000000600000000, 0x0000000800000000)
  region size 4096K, 2 young (8192K), 2 survivors (8192K)
 Metaspace       used 132063K, committed 134400K, reserved 1179648K
  class space    used 18520K, committed 19648K, reserved 1048576K
GC Heap History (20 events):
Event: 1003.702 GC heap after
{Heap after GC invocations=73 (full 0):
 garbage-first heap   total 1036288K, used 121534K [0x0000000600000000, 0x0000000800000000)
  region size 4096K, 2 young (8192K), 2 survivors (8192K)
 Metaspace       used 122541K, committed 124672K, reserved 1179648K
  class space    used 17324K, committed 18368K, reserved 1048576K
}
Event: 1039.978 GC heap before
{Heap before GC invocations=73 (full 0):
 garbage-first heap   total 1036288K, used 162494K [0x0000000600000000, 0x0000000800000000)
  region size 4096K, 12 young (49152K), 2 survivors (8192K)
 Metaspace       used 125233K, committed 127424K, reserved 1179648K
  class space    used 17721K, committed 18816K, reserved 1048576K
}
Event: 1040.418 GC heap after
{Heap after GC invocations=74 (full 0):
 garbage-first heap   total 1036288K, used 123523K [0x0000000600000000, 0x0000000800000000)
  region size 4096K, 2 young (8192K), 2 survivors (8192K)
 Metaspace       used 125233K, committed 127424K, reserved 1179648K
  class space    used 17721K, committed 18816K, reserved 1048576K
}
Event: 1058.839 GC heap before
{Heap before GC invocations=74 (full 0):
 garbage-first heap   total 1036288K, used 160387K [0x0000000600000000, 0x0000000800000000)
  region size 4096K, 12 young (49152K), 2 survivors (8192K)
 Metaspace       used 126698K, committed 128896K, reserved 1179648K
  class space    used 17823K, committed 18880K, reserved 1048576K
}
Event: 1059.177 GC heap after
{Heap after GC invocations=75 (full 0):
 garbage-first heap   total 1036288K, used 129035K [0x0000000600000000, 0x0000000800000000)
  region size 4096K, 2 young (8192K), 2 survivors (8192K)
 Metaspace       used 126698K, committed 128896K, reserved 1179648K
  class space    used 17823K, committed 18880K, reserved 1048576K
}
Event: 1060.884 GC heap before
{Heap before GC invocations=75 (full 0):
 garbage-first heap   total 1036288K, used 165899K [0x0000000600000000, 0x0000000800000000)
  region size 4096K, 12 young (49152K), 2 survivors (8192K)
 Metaspace       used 126711K, committed 128896K, reserved 1179648K
  class space    used 17823K, committed 18880K, reserved 1048576K
}
Event: 1061.191 GC heap after
{Heap after GC invocations=76 (full 0):
 garbage-first heap   total 1036288K, used 131292K [0x0000000600000000, 0x0000000800000000)
  region size 4096K, 1 young (4096K), 1 survivors (4096K)
 Metaspace       used 126711K, committed 128896K, reserved 1179648K
  class space    used 17823K, committed 18880K, reserved 1048576K
}
Event: 1072.312 GC heap before
{Heap before GC invocations=76 (full 0):
 garbage-first heap   total 1036288K, used 172252K [0x0000000600000000, 0x0000000800000000)
  region size 4096K, 12 young (49152K), 1 survivors (4096K)
 Metaspace       used 127442K, committed 129600K, reserved 1179648K
  class space    used 17893K, committed 18944K, reserved 1048576K
}
Event: 1072.745 GC heap after
{Heap after GC invocations=77 (full 0):
 garbage-first heap   total 1036288K, used 132638K [0x0000000600000000, 0x0000000800000000)
  region size 4096K, 2 young (8192K), 2 survivors (8192K)
 Metaspace       used 127442K, committed 129600K, reserved 1179648K
  class space    used 17893K, committed 18944K, reserved 1048576K
}
Event: 1102.968 GC heap before
{Heap before GC invocations=77 (full 0):
 garbage-first heap   total 1036288K, used 169502K [0x0000000600000000, 0x0000000800000000)
  region size 4096K, 12 young (49152K), 2 survivors (8192K)
 Metaspace       used 129505K, committed 131776K, reserved 1179648K
  class space    used 18166K, committed 19264K, reserved 1048576K
}
Event: 1104.102 GC heap after
{Heap after GC invocations=78 (full 0):
 garbage-first heap   total 1036288K, used 141311K [0x0000000600000000, 0x0000000800000000)
  region size 4096K, 2 young (8192K), 2 survivors (8192K)
 Metaspace       used 129505K, committed 131776K, reserved 1179648K
  class space    used 18166K, committed 19264K, reserved 1048576K
}
Event: 1172.857 GC heap before
{Heap before GC invocations=78 (full 0):
 garbage-first heap   total 1036288K, used 182271K [0x0000000600000000, 0x0000000800000000)
  region size 4096K, 12 young (49152K), 2 survivors (8192K)
 Metaspace       used 130952K, committed 133184K, reserved 1179648K
  class space    used 18424K, committed 19520K, reserved 1048576K
}
Event: 1173.363 GC heap after
{Heap after GC invocations=79 (full 0):
 garbage-first heap   total 1036288K, used 147364K [0x0000000600000000, 0x0000000800000000)
  region size 4096K, 2 young (8192K), 2 survivors (8192K)
 Metaspace       used 130952K, committed 133184K, reserved 1179648K
  class space    used 18424K, committed 19520K, reserved 1048576K
}
Event: 1245.018 GC heap before
{Heap before GC invocations=79 (full 0):
 garbage-first heap   total 1036288K, used 188324K [0x0000000600000000, 0x0000000800000000)
  region size 4096K, 12 young (49152K), 2 survivors (8192K)
 Metaspace       used 131609K, committed 133952K, reserved 1179648K
  class space    used 18489K, committed 19584K, reserved 1048576K
}
Event: 1245.811 GC heap after
{Heap after GC invocations=80 (full 0):
 garbage-first heap   total 1036288K, used 155762K [0x0000000600000000, 0x0000000800000000)
  region size 4096K, 2 young (8192K), 2 survivors (8192K)
 Metaspace       used 131609K, committed 133952K, reserved 1179648K
  class space    used 18489K, committed 19584K, reserved 1048576K
}
Event: 1297.539 GC heap before
{Heap before GC invocations=80 (full 0):
 garbage-first heap   total 1036288K, used 196722K [0x0000000600000000, 0x0000000800000000)
  region size 4096K, 12 young (49152K), 2 survivors (8192K)
 Metaspace       used 132061K, committed 134400K, reserved 1179648K
  class space    used 18520K, committed 19648K, reserved 1048576K
}
Event: 1298.361 GC heap after
{Heap after GC invocations=81 (full 0):
 garbage-first heap   total 1036288K, used 163090K [0x0000000600000000, 0x0000000800000000)
  region size 4096K, 2 young (8192K), 2 survivors (8192K)
 Metaspace       used 132061K, committed 134400K, reserved 1179648K
  class space    used 18520K, committed 19648K, reserved 1048576K
}
Event: 1302.603 GC heap before
{Heap before GC invocations=81 (full 0):
 garbage-first heap   total 1036288K, used 199954K [0x0000000600000000, 0x0000000800000000)
  region size 4096K, 12 young (49152K), 2 survivors (8192K)
 Metaspace       used 132063K, committed 134400K, reserved 1179648K
  class space    used 18520K, committed 19648K, reserved 1048576K
}
Event: 1302.950 GC heap after
{Heap after GC invocations=82 (full 0):
 garbage-first heap   total 1036288K, used 165704K [0x0000000600000000, 0x0000000800000000)
  region size 4096K, 1 young (4096K), 1 survivors (4096K)
 Metaspace       used 132063K, committed 134400K, reserved 1179648K
  class space    used 18520K, committed 19648K, reserved 1048576K
}
Event: 1304.368 GC heap before
{Heap before GC invocations=82 (full 0):
 garbage-first heap   total 1036288K, used 206664K [0x0000000600000000, 0x0000000800000000)
  region size 4096K, 12 young (49152K), 1 survivors (4096K)
 Metaspace       used 132063K, committed 134400K, reserved 1179648K
  class space    used 18520K, committed 19648K, reserved 1048576K
}

